[2019-09-23 17:38:35] user name=>admin module=>salescontroller name=>:payment action =>add error name=>SQLSTATE[42000]: Syntax error or access violation: 1064 You have an error in your SQL syntax; check the manual that corresponds to your MySQL server version for the right syntax to use near 'LIMIT 1' at line 1
[2022-08-26 16:53:10] user name=>admin module=>incomeexpensecontroller name=>:cateincome action =>index error name=>SQLSTATE[42S02]: Base table or view not found: 1146 Table 'db_stocknew.rms_view' doesn't exist
[2022-08-26 16:55:58] user name=>admin module=>incomeexpensecontroller name=>:cateincome action =>index error name=>SQLSTATE[42S02]: Base table or view not found: 1146 Table 'db_stocknew.rms_view' doesn't exist
[2022-08-26 16:56:06] user name=>admin module=>incomeexpensecontroller name=>:cateincome action =>index error name=>SQLSTATE[42S02]: Base table or view not found: 1146 Table 'db_stocknew.rms_view' doesn't exist
[2022-08-26 16:58:22] user name=>admin module=>incomeexpensecontroller name=>:cateincome action =>index error name=>SQLSTATE[42S02]: Base table or view not found: 1146 Table 'db_stocknew.rms_view' doesn't exist
[2022-08-26 17:01:16] user name=>admin module=>incomeexpensecontroller name=>:cateincome action =>index error name=>SQLSTATE[42S02]: Base table or view not found: 1146 Table 'db_stocknew.rms_view' doesn't exist
[2022-08-26 17:03:54] user name=>admin module=>incomeexpensecontroller name=>:cateincome action =>index error name=>SQLSTATE[42S02]: Base table or view not found: 1146 Table 'db_stocknew.rms_view' doesn't exist
[2022-08-26 17:06:29] user name=>admin module=>incomeexpensecontroller name=>:cateincome action =>index error name=>SQLSTATE[42S02]: Base table or view not found: 1146 Table 'db_stocknew.rms_view' doesn't exist
[2022-08-26 17:09:04] user name=>admin module=>incomeexpensecontroller name=>:cateincome action =>index error name=>SQLSTATE[42S02]: Base table or view not found: 1146 Table 'db_stocknew.rms_view' doesn't exist
[2022-08-26 17:09:12] user name=>admin module=>incomeexpensecontroller name=>:cateincome action =>index error name=>SQLSTATE[42S02]: Base table or view not found: 1146 Table 'db_stocknew.rms_view' doesn't exist
[2022-08-26 17:14:06] user name=>admin module=>incomeexpensecontroller name=>:cateincome action =>index error name=>SQLSTATE[42S02]: Base table or view not found: 1146 Table 'db_stocknew.rms_view' doesn't exist
[2022-08-26 17:14:08] user name=>admin module=>incomeexpensecontroller name=>:cateincome action =>index error name=>SQLSTATE[42S02]: Base table or view not found: 1146 Table 'db_stocknew.rms_view' doesn't exist
[2022-08-26 17:15:33] user name=>admin module=>incomeexpensecontroller name=>:cateincome action =>index error name=>SQLSTATE[42S22]: Column not found: 1054 Unknown column 't.title' in 'field list'
[2022-08-26 17:16:13] user name=>admin module=>incomeexpensecontroller name=>:cateincome action =>index error name=>SQLSTATE[42S22]: Column not found: 1054 Unknown column 't.title' in 'field list'
[2022-08-26 17:16:16] user name=>admin module=>incomeexpensecontroller name=>:cateincome action =>index error name=>SQLSTATE[42S22]: Column not found: 1054 Unknown column 't.title' in 'field list'
[2022-09-05 10:56:13] user name=>admin module=>incomeexpensecontroller name=>:income action =>index error name=>SQLSTATE[42S02]: Base table or view not found: 1146 Table 'db_stocknew.ln_income' doesn't exist
[2022-09-05 11:00:19] user name=>admin module=>incomeexpensecontroller name=>:income action =>index error name=>SQLSTATE[42S02]: Base table or view not found: 1146 Table 'db_stocknew.rms_cate_income_expense' doesn't exist
[2022-09-05 11:00:22] user name=>admin module=>incomeexpensecontroller name=>:income action =>index error name=>SQLSTATE[42S02]: Base table or view not found: 1146 Table 'db_stocknew.rms_cate_income_expense' doesn't exist
[2022-09-05 11:00:25] user name=>admin module=>incomeexpensecontroller name=>:income action =>index error name=>SQLSTATE[42S02]: Base table or view not found: 1146 Table 'db_stocknew.rms_cate_income_expense' doesn't exist
[2022-09-05 11:01:06] user name=>admin module=>incomeexpensecontroller name=>:income action =>index error name=>SQLSTATE[42S02]: Base table or view not found: 1146 Table 'db_stocknew.rms_cate_income_expense' doesn't exist
[2022-09-05 11:01:10] user name=>admin module=>incomeexpensecontroller name=>:income action =>index error name=>SQLSTATE[42S02]: Base table or view not found: 1146 Table 'db_stocknew.rms_cate_income_expense' doesn't exist
